<?xml version="1.0" encoding="UTF-8"?>
<!-- Generated by org.testng.reporters.JUnitXMLReporter -->
<testsuite hostname="sys" name="On firefox" tests="4" failures="0" timestamp="20 Sep 2015 06:07:43 GMT" time="98.707" errors="0">
  <testcase name="loginTest" time="20.019" classname="com.orangehrm.testsuite.Login"/>
  <testcase name="addEmployeeTest" time="66.174" classname="com.orangehrm.testsuite.AddEmployee"/>
  <testcase name="screenshotTest" time="0.03" classname="com.orangehrm.testsuite.CaptureScreenshot">
    <skipped/>
  </testcase> <!-- screenshotTest -->
  <testcase name="logoutTest" time="12.459" classname="com.orangehrm.testsuite.Logout"/>
</testsuite> <!-- On firefox -->
